<?xml version="1.0" encoding="UTF-8"?>
<testng-results skipped="0" failed="1" ignored="0" total="2" passed="1">
  <reporter-output>
  </reporter-output>
  <suite name="Default suite" duration-ms="12824" started-at="2020-04-17T06:45:02Z" finished-at="2020-04-17T06:45:15Z">
    <groups>
    </groups>
    <test name="Default test" duration-ms="12824" started-at="2020-04-17T06:45:02Z" finished-at="2020-04-17T06:45:15Z">
      <class name="tests.MakeMyTripHomePage">
        <test-method status="PASS" signature="launch()[pri:0, instance:tests.MakeMyTripHomePage@73ad2d6]" name="launch" is-config="true" duration-ms="10560" started-at="2020-04-17T06:45:02Z" finished-at="2020-04-17T06:45:12Z">
          <reporter-output>
          </reporter-output>
        </test-method> <!-- launch -->
        <test-method status="PASS" signature="makeMyTripLogoCheck()[pri:0, instance:tests.MakeMyTripHomePage@73ad2d6]" name="makeMyTripLogoCheck" duration-ms="99" started-at="2020-04-17T06:45:12Z" finished-at="2020-04-17T06:45:12Z">
          <reporter-output>
          </reporter-output>
        </test-method> <!-- makeMyTripLogoCheck -->
        <test-method status="FAIL" signature="makeMyTripTitleCheck()[pri:0, instance:tests.MakeMyTripHomePage@73ad2d6]" name="makeMyTripTitleCheck" duration-ms="12" started-at="2020-04-17T06:45:12Z" finished-at="2020-04-17T06:45:12Z">
          <exception class="java.lang.AssertionError">
            <message>
              <![CDATA[expected [[MakeMyTrip - #1 Travel Website 50% OFF on Hotels, Flights & Holiday]] but found [MakeMyTrip - #1 Travel Website 50% OFF on Hotels, Flights & Holiday]]]>
            </message>
            <full-stacktrace>
              <![CDATA[java.lang.AssertionError: expected [[MakeMyTrip - #1 Travel Website 50% OFF on Hotels, Flights & Holiday]] but found [MakeMyTrip - #1 Travel Website 50% OFF on Hotels, Flights & Holiday]
at org.testng.Assert.fail(Assert.java:96)
at org.testng.Assert.failNotEquals(Assert.java:776)
at org.testng.Assert.assertEqualsImpl(Assert.java:137)
at org.testng.Assert.assertEquals(Assert.java:118)
at org.testng.Assert.assertEquals(Assert.java:453)
at org.testng.Assert.assertEquals(Assert.java:463)
at tests.MakeMyTripHomePage.makeMyTripTitleCheck(MakeMyTripHomePage.java:30)
at sun.reflect.NativeMethodAccessorImpl.invoke0(Native Method)
at sun.reflect.NativeMethodAccessorImpl.invoke(NativeMethodAccessorImpl.java:62)
at sun.reflect.DelegatingMethodAccessorImpl.invoke(DelegatingMethodAccessorImpl.java:43)
at java.lang.reflect.Method.invoke(Method.java:498)
at org.testng.internal.MethodInvocationHelper.invokeMethod(MethodInvocationHelper.java:124)
at org.testng.internal.Invoker.invokeMethod(Invoker.java:583)
at org.testng.internal.Invoker.invokeTestMethod(Invoker.java:719)
at org.testng.internal.Invoker.invokeTestMethods(Invoker.java:989)
at org.testng.internal.TestMethodWorker.invokeTestMethods(TestMethodWorker.java:125)
at org.testng.internal.TestMethodWorker.run(TestMethodWorker.java:109)
at org.testng.TestRunner.privateRun(TestRunner.java:648)
at org.testng.TestRunner.run(TestRunner.java:505)
at org.testng.SuiteRunner.runTest(SuiteRunner.java:455)
at org.testng.SuiteRunner.runSequentially(SuiteRunner.java:450)
at org.testng.SuiteRunner.privateRun(SuiteRunner.java:415)
at org.testng.SuiteRunner.run(SuiteRunner.java:364)
at org.testng.SuiteRunnerWorker.runSuite(SuiteRunnerWorker.java:52)
at org.testng.SuiteRunnerWorker.run(SuiteRunnerWorker.java:84)
at org.testng.TestNG.runSuitesSequentially(TestNG.java:1208)
at org.testng.TestNG.runSuitesLocally(TestNG.java:1137)
at org.testng.TestNG.runSuites(TestNG.java:1049)
at org.testng.TestNG.run(TestNG.java:1017)
at org.testng.remote.AbstractRemoteTestNG.run(AbstractRemoteTestNG.java:115)
at org.testng.remote.RemoteTestNG.initAndRun(RemoteTestNG.java:251)
at org.testng.remote.RemoteTestNG.main(RemoteTestNG.java:77)
]]>
            </full-stacktrace>
          </exception> <!-- java.lang.AssertionError -->
          <reporter-output>
          </reporter-output>
        </test-method> <!-- makeMyTripTitleCheck -->
        <test-method status="PASS" signature="close()[pri:0, instance:tests.MakeMyTripHomePage@73ad2d6]" name="close" is-config="true" duration-ms="2113" started-at="2020-04-17T06:45:12Z" finished-at="2020-04-17T06:45:15Z">
          <reporter-output>
          </reporter-output>
        </test-method> <!-- close -->
      </class> <!-- tests.MakeMyTripHomePage -->
    </test> <!-- Default test -->
  </suite> <!-- Default suite -->
</testng-results>
